#
# There is insufficient memory for the Java Runtime Environment to continue.
# Native memory allocation (mmap) failed to map 536870912 bytes. Error detail: G1 virtual space
# Possible reasons:
#   The system is out of physical RAM or swap space
#   This process is running with CompressedOops enabled, and the Java Heap may be blocking the growth of the native heap
# Possible solutions:
#   Reduce memory load on the system
#   Increase physical memory or swap space
#   Check if swap backing store is full
#   Decrease Java heap size (-Xmx/-Xms)
#   Decrease number of Java threads
#   Decrease Java thread stack sizes (-Xss)
#   Set larger code cache with -XX:ReservedCodeCacheSize=
#   JVM is running with Unscaled Compressed Oops mode in which the Java heap is
#     placed in the first 4GB address space. The Java Heap base address is the
#     maximum limit for the native heap growth. Please use -XX:HeapBaseMinAddress
#     to set the Java Heap base and to place the Java Heap above 4GB virtual address.
# This output file may be truncated or incomplete.
#
#  Out of Memory Error (os_windows.cpp:3564), pid=125116, tid=45816
#
# JRE version:  (24.0.1+9) (build )
# Java VM: Java HotSpot(TM) 64-Bit Server VM (24.0.1+9-30, mixed mode, sharing, tiered, compressed oops, compressed class ptrs, g1 gc, windows-amd64)
# No core dump will be written. Minidumps are not enabled by default on client versions of Windows
#

---------------  S U M M A R Y ------------

Command Line: -Xms512m -Xmx1024m io.qameta.allure.CommandLine generate -o report -c my_allure_results

Host: 11th Gen Intel(R) Core(TM) i5-11400 @ 2.60GHz, 12 cores, 15G,  Windows 11 , 64 bit Build 22000 (10.0.22000.434)
Time: Thu Nov 20 14:34:07 2025  Windows 11 , 64 bit Build 22000 (10.0.22000.434) elapsed time: 0.028714 seconds (0d 0h 0m 0s)

---------------  T H R E A D  ---------------

Current thread (0x0000013c6d1b22d0):  JavaThread "Unknown thread" [_thread_in_vm, id=45816, stack(0x0000003b0eb00000,0x0000003b0ec00000) (1024K)]

Stack: [0x0000003b0eb00000,0x0000003b0ec00000]
Native frames: (J=compiled Java code, j=interpreted, Vv=VM code, C=native code)
V  [jvm.dll+0x730739]  (no source info available)
V  [jvm.dll+0x8d9b23]  (no source info available)
V  [jvm.dll+0x8dc00d]  (no source info available)
V  [jvm.dll+0x8dc683]  (no source info available)
V  [jvm.dll+0x2aa086]  (no source info available)
V  [jvm.dll+0x72cc65]  (no source info available)
V  [jvm.dll+0x72059a]  (no source info available)
V  [jvm.dll+0x390cea]  (no source info available)
V  [jvm.dll+0x3989f6]  (no source info available)
V  [jvm.dll+0x38523e]  (no source info available)
V  [jvm.dll+0x3854f8]  (no source info available)
V  [jvm.dll+0x35d0cc]  (no source info available)
V  [jvm.dll+0x35dd8d]  (no source info available)
V  [jvm.dll+0x89d28f]  (no source info available)
V  [jvm.dll+0x3f985d]  (no source info available)
V  [jvm.dll+0x8858e6]  (no source info available)
V  [jvm.dll+0x495f3e]  (no source info available)
V  [jvm.dll+0x497d11]  (no source info available)
C  [jli.dll+0x52a1]  (no source info available)
C  [ucrtbase.dll+0x26c0c]  (no source info available)
C  [KERNEL32.DLL+0x154e0]  (no source info available)
C  [ntdll.dll+0x485b]  (no source info available)

Lock stack of current Java thread (top to bottom):


---------------  P R O C E S S  ---------------

Threads class SMR info:
_java_thread_list=0x00007ffeb239f318, length=0, elements={
}

Java Threads: ( => current thread )
Total: 0

Other Threads:
  0x0000013c6f42e510 WorkerThread "GC Thread#0"                     [id=101000, stack(0x0000003b0ec00000,0x0000003b0ed00000) (1024K)]
  0x0000013c6f4396e0 ConcurrentGCThread "G1 Main Marker"            [id=25316, stack(0x0000003b0ed00000,0x0000003b0ee00000) (1024K)]
  0x0000013c6f43a1f0 WorkerThread "G1 Conc#0"                       [id=112444, stack(0x0000003b0ee00000,0x0000003b0ef00000) (1024K)]

[error occurred during error reporting (printing all threads), id 0xc0000005, EXCEPTION_ACCESS_VIOLATION (0xc0000005) at pc=0x00007ffeb1ad14ea]
VM state: not at safepoint (not fully initialized)

VM Mutex/Monitor currently owned by a thread:  ([mutex/lock_event])
[0x00007ffeb24245b0] Heap_lock - owner thread: 0x0000013c6d1b22d0

Heap address: 0x00000000c0000000, size: 1024 MB, Compressed Oops mode: 32-bit

CDS archive(s) mapped at: [0x0000000000000000-0x0000000000000000-0x0000000000000000), size 0, SharedBaseAddress: 0x0000000800000000, ArchiveRelocationMode: 1.
UseCompressedClassPointers 1, UseCompactObjectHeaders 0
Narrow klass pointer bits 32, Max shift 3
Narrow klass base: 0xffffffffffffffff, Narrow klass shift: -1
Encoding Range: [0xffffffffffffffff - 0x000000007fffffff), (2147483648 bytes)
Klass Range:    [0x0000000000000000 - 0x0000000000000000), (0 bytes)
Klass ID Range:  [4294967295 - 0) (1)

GC Precious Log:
 CardTable entry size: 512
 Card Set container configuration: InlinePtr #cards 5 size 8 Array Of Cards #cards 10 size 36 Howl #buckets 4 coarsen threshold 1843 Howl Bitmap #cards 512 size 80 coarsen threshold 460 Card regions per heap region 1 cards per card region 2048

Heap:
 garbage-first heap   total reserved 1048576K, committed 0K, used 0K [0x00000000c0000000, 0x0000000100000000)
  region size 1024K, 0 young (0K), 0 survivors (0K)

[error occurred during error reporting (printing heap information), id 0xc0000005, EXCEPTION_ACCESS_VIOLATION (0xc0000005) at pc=0x00007ffeb1eee3e9]
GC Heap History (0 events):
No events

Dll operation events (1 events):
Event: 0.004 Loaded shared library D:\YFT\testTOOLS\java\jdk\bin\java.dll

Deoptimization events (0 events):
No events

Classes loaded (0 events):
No events

Classes unloaded (0 events):
No events

Classes redefined (0 events):
No events

Internal exceptions (0 events):
No events

VM Operations (0 events):
No events

Memory protections (0 events):
No events

Nmethod flushes (0 events):
No events

Events (0 events):
No events


Dynamic libraries:
0x00007ff6ad2b0000 - 0x00007ff6ad2c0000 	D:\YFT\testTOOLS\java\jdk\bin\java.exe
0x00007fff9fa60000 - 0x00007fff9fc69000 	C:\Windows\SYSTEM32\ntdll.dll
0x00007fff9f140000 - 0x00007fff9f1fd000 	C:\Windows\System32\KERNEL32.DLL
0x00007fff9d300000 - 0x00007fff9d674000 	C:\Windows\System32\KERNELBASE.dll
0x00007fff9cf50000 - 0x00007fff9d061000 	C:\Windows\System32\ucrtbase.dll
0x00007fff80d90000 - 0x00007fff80dab000 	D:\YFT\testTOOLS\java\jdk\bin\VCRUNTIME140.dll
0x00007fff80710000 - 0x00007fff80726000 	D:\YFT\testTOOLS\java\jdk\bin\jli.dll
0x00007fff9e9c0000 - 0x00007fff9eb6c000 	C:\Windows\System32\USER32.dll
0x00007fff9d680000 - 0x00007fff9d6a6000 	C:\Windows\System32\win32u.dll
0x00007fff90930000 - 0x00007fff90bd5000 	C:\Windows\WinSxS\amd64_microsoft.windows.common-controls_6595b64144ccf1df_6.0.22000.120_none_9d947278b86cc467\COMCTL32.dll
0x00007fff9eb70000 - 0x00007fff9eb99000 	C:\Windows\System32\GDI32.dll
0x00007fff9e890000 - 0x00007fff9e933000 	C:\Windows\System32\msvcrt.dll
0x00007fff9d070000 - 0x00007fff9d182000 	C:\Windows\System32\gdi32full.dll
0x00007fff9d770000 - 0x00007fff9d80d000 	C:\Windows\System32\msvcp_win.dll
0x00007fff9e380000 - 0x00007fff9e3b1000 	C:\Windows\System32\IMM32.DLL
0x00007fff8c330000 - 0x00007fff8c33c000 	D:\YFT\testTOOLS\java\jdk\bin\vcruntime140_1.dll
0x00007fff6bfa0000 - 0x00007fff6c02e000 	D:\YFT\testTOOLS\java\jdk\bin\msvcp140.dll
0x00007ffeb1760000 - 0x00007ffeb2502000 	D:\YFT\testTOOLS\java\jdk\bin\server\jvm.dll
0x00007fff9e430000 - 0x00007fff9e4de000 	C:\Windows\System32\ADVAPI32.dll
0x00007fff9d9e0000 - 0x00007fff9da7e000 	C:\Windows\System32\sechost.dll
0x00007fff9e770000 - 0x00007fff9e890000 	C:\Windows\System32\RPCRT4.dll
0x00007fff9e950000 - 0x00007fff9e9bf000 	C:\Windows\System32\WS2_32.dll
0x00007fff9ce20000 - 0x00007fff9ce6d000 	C:\Windows\SYSTEM32\POWRPROF.dll
0x00007fff8b740000 - 0x00007fff8b773000 	C:\Windows\SYSTEM32\WINMM.dll
0x00007fff924b0000 - 0x00007fff924ba000 	C:\Windows\SYSTEM32\VERSION.dll
0x00007fff9ce00000 - 0x00007fff9ce13000 	C:\Windows\SYSTEM32\UMPDC.dll
0x00007fff9c050000 - 0x00007fff9c068000 	C:\Windows\SYSTEM32\kernel.appcore.dll
0x00007fff8be40000 - 0x00007fff8be4a000 	D:\YFT\testTOOLS\java\jdk\bin\jimage.dll
0x00007fff91450000 - 0x00007fff91671000 	C:\Windows\SYSTEM32\DBGHELP.DLL
0x00007fff8fe90000 - 0x00007fff8fec1000 	C:\Windows\SYSTEM32\dbgcore.DLL
0x00007fff9d810000 - 0x00007fff9d88f000 	C:\Windows\System32\bcryptPrimitives.dll
0x00007fff7fd80000 - 0x00007fff7fd9e000 	D:\YFT\testTOOLS\java\jdk\bin\java.dll
0x00007fff9f770000 - 0x00007fff9f90a000 	C:\Windows\System32\ole32.dll
0x00007fff9edc0000 - 0x00007fff9f138000 	C:\Windows\System32\combase.dll
0x00007fff9db00000 - 0x00007fff9e2ae000 	C:\Windows\System32\SHELL32.dll

JVMTI agents: none

dbghelp: loaded successfully - version: 4.0.5 - missing functions: none
symbol engine: initialized successfully - sym options: 0x614 - pdb path: .;D:\YFT\testTOOLS\java\jdk\bin;C:\Windows\SYSTEM32;C:\Windows\WinSxS\amd64_microsoft.windows.common-controls_6595b64144ccf1df_6.0.22000.120_none_9d947278b86cc467;D:\YFT\testTOOLS\java\jdk\bin\server

VM Arguments:
jvm_args: -Xms512m -Xmx1024m 
java_command: io.qameta.allure.CommandLine generate -o report -c my_allure_results
java_class_path (initial): D:\YFT\testTOOLS\python-3.12.8-embed-amd64\python312\allure-commandline-2.15.0\allure-2.15.0\lib\allure-commandline-2.15.0.jar;D:\YFT\testTOOLS\python-3.12.8-embed-amd64\python312\allure-commandline-2.15.0\allure-2.15.0\lib\jcommander-1.81.jar;D:\YFT\testTOOLS\python-3.12.8-embed-amd64\python312\allure-commandline-2.15.0\allure-2.15.0\lib\allure-generator-2.15.0.jar;D:\YFT\testTOOLS\python-3.12.8-embed-amd64\python312\allure-commandline-2.15.0\allure-2.15.0\lib\jackson-dataformat-xml-2.12.5.jar;D:\YFT\testTOOLS\python-3.12.8-embed-amd64\python312\allure-commandline-2.15.0\allure-2.15.0\lib\jackson-module-jaxb-annotations-2.12.5.jar;D:\YFT\testTOOLS\python-3.12.8-embed-amd64\python312\allure-commandline-2.15.0\allure-2.15.0\lib\jackson-annotations-2.12.5.jar;D:\YFT\testTOOLS\python-3.12.8-embed-amd64\python312\allure-commandline-2.15.0\allure-2.15.0\lib\jackson-core-2.12.5.jar;D:\YFT\testTOOLS\python-3.12.8-embed-amd64\python312\allure-commandline-2.15.0\allure-2.15.0\lib\jackson-dataformat-yaml-2.12.5.jar;D:\YFT\testTOOLS\python-3.12.8-embed-amd64\python312\allure-commandline-2.15.0\allure-2.15.0\lib\allure-plugin-api-2.15.0.jar;D:\YFT\testTOOLS\python-3.12.8-embed-amd64\python312\allure-commandline-2.15.0\allure-2.15.0\lib\jackson-databind-2.12.5.jar;D:\YFT\testTOOLS\python-3.12.8-embed-amd64\python312\allure-commandline-2.15.0\allure-2.15.0\lib\tika-core-2.1.0.jar;D:\YFT\testTOOLS\python-3.12.8-embed-amd64\python312\allure-commandline-2.15.0\allure-2.15.0\lib\commons-io-2.11.0.jar;D:\YFT\testTOOLS\python-3.12.8-embed-amd64\python312\allure-commandline-2.15.0\allure-2.15.0\lib\jetty-server-9.4.43.v20210629.jar;D:\YFT\testTOOLS\python-3.12.8-embed-amd64\python312\allure-commandline-2.15.0\allure-2.15.0\lib\slf4j-log4j12-1.7.32.jar;D:\YFT\testTOOLS\python-3.12.8-embed-amd64\python312\allure-commandline-2.15.0\allure-2.15.0\lib\snakeyaml-1.27.jar;D:\YFT\testTOOLS\python-3.12.8-embed-amd64\python312\allure-commandline-2.15.0\allure-2.15.0\lib\javax.servlet-api-3.1.0.jar;D:\YFT\testTOOLS\python-3.12.8-embed-amd64\python312\allure-commandline-2.15.0\allure-2.15.0\lib\jetty-http-9.4.43.v20210629.jar;D:\YFT\testTOOLS\python-3.12.8-embed-amd64\python312\allure-commandline-2.15.0\allure-2.15.0\lib\jetty-io-9.4.43.v20210629.jar;D:\YFT\testTOOLS\python-3.12.8-embed-amd64\python312\allure-commandline-2.15.0\allure-2.15.0\lib\allure1-model-1.0.jar;D:\YFT\testTOOLS\python-3.12.8-embed-amd64\python312\allure-commandline-2.15.0\allure-2.15.0\lib\slf4j-api-1.7.32.jar;D:\YFT\testTOOLS\python-3.12.8-embed-amd64\python312\allure-commandline-2.15.0\allure-2.15.0\lib\log4j-1.2.17.jar;D:\YFT\testTOOLS\python-3.12.8-embed-amd64\python312\allure-commandline-2.15.0\allure-2.15.0\lib\allure-model-2.15.0.jar;D:\YFT\testTOOLS\python-3.12.8-embed-amd64\python312\allure-commandline-2.15.0\allure-2.15.0\lib\jaxb-api-2.3.1.jar;D:\YFT\testTOOLS\python-3.12.8-embed-amd64\python312\allure-commandline-2.15.0\allure-2.15.0\lib\httpclient-4.5.13.jar;D:\YFT\testTOOLS\python-3.12.8-embed-amd64\python312\allure-commandline-2.15.0\allure-2.15.0\lib\freemarker-2.3.31.jar;D:\YFT\testTOOLS\python-3.12.8-embed-amd64\python312\allure-commandline-2.15.0\allure-2.15.0\lib\jetty-util-9.4.43.v20210629.jar;D:\YFT\testTOOLS\python-3.12.8-embed-amd64\python312\allure-commandline-2.15.0\allure-2.15.0\lib\opencsv-4.6.jar;D:\YFT\testTOOLS\python-3.12.8-embed-amd64\python312\allure-commandline-2.15.0\allure-2.15.0\lib\flexmark-0.62.2.jar;D:\YFT\testTOOLS\python-3.12.8-embed-amd64\python312\allure-commandline-2.15.0\allure-2.15.0\lib\woodstox-core-6.2.4.jar;D:\YFT\testTOOLS\python-3.12.8-embed-amd64\python312\allure-commandline-2.15.0\allure-2.15.0\lib\stax2-api-4.2.1.jar;D:\YFT\testTOOLS\python-3.12.8-embed-amd64\python312\allure-commandline-2.15.0\allure-2.15.0\lib\javax.activation-api-1.2.0.jar;D:\YFT\testTOOLS\python-3.12.8-embed-amd64\python312\allure-commandline-2.15.0\allure-2.15.0\lib\properties-2.0.RC5.jar;D:\YFT\testTOOLS\python-3.12.8-embed-amd64\python312\allure-commandline-2.15.0\allure-2.15.0\lib\jaxb-utils-1.0.jar;D:\YFT\testTOOLS\python-3.12.8-embed-amd64\python312\allure-commandline-2.15.0\allure-2.15.0\lib\httpcore-4.4.13.jar;D:\YFT\testTOOLS\python-3.12.8-embed-amd64\python312\allure-commandline-2.15.0\allure-2.15.0\lib\commons-beanutils-1.9.4.jar;D:\YFT\testTOOLS\python-3.12.8-embed-amd64\python312\allure-commandline-2.15.0\allure-2.15.0\lib\commons-logging-1.2.jar;D:\YFT\testTOOLS\python-3.12.8-embed-amd64\python312\allure-commandline-2.15.0\allure-2.15.0\lib\commons-codec-1.11.jar;D:\YFT\testTOOLS\python-3.12.8-embed-amd64\python312\allure-commandline-2.15.0\allure-2.15.0\lib\commons-text-1.3.jar;D:\YFT\testTOOLS\python-3.12.8-embed-amd64\python312\allure-commandline-2.15.0\allure-2.15.0\lib\commons-lang3-3.12.0.jar;D:\YFT\testTOOLS\python-3.12.8-embed-amd64\python312\allure-commandline-2.15.0\allure-2.15.0\lib\commons-collections4-4.2.jar;D:\YFT\testTOOLS\python-3.12.8-embed-amd64\python312\allure-commandline-2.15.0\allure-2.15.0\lib\flexmark-util-format-0.62.2.jar;D:\YFT\testTOOLS\python-3.12.8-embed-amd64\python312\allure-commandline-2.15.0\allure-2.15.0\lib\flexmark-util-ast-0.62.2.jar;D:\YFT\testTOOLS\python-3.12.8-embed-amd64\python312\allure-commandline-2.15.0\allure-2.15.0\lib\flexmark-util-builder-0.62.2.jar;D:\YFT\testTOOLS\python-3.12.8-embed-amd64\python312\allure-commandline-2.15.0\allure-2.15.0\lib\flexmark-util-dependency-0.62.2.jar;D:\YFT\testTOOLS\python-3.12.8-embed-amd64\python312\allure-commandline-2.15.0\allure-2.15.0\lib\flexmark-util-html-0.62.2.jar;D:\YFT\testTOOLS\python-3.12.8-embed-amd64\python312\allure-commandline-2.15.0\allure-2.15.0\lib\flexmark-util-sequence-0.62.2.jar;D:\YFT\testTOOLS\python-3.12.8-embed-amd64\python312\allure-commandline-2.15.0\allure-2.15.0\lib\flexmark-util-collection-0.62.2.jar;D:\YFT\testTOOLS\python-3.12.8-embed-amd64\python312\allure-commandline-2.15.0\allure-2.15.0\lib\flexmark-util-data-0.62.2.jar;D:\YFT\testTOOLS\python-3.12.8-embed-amd64\python312\allure-commandline-2.15.0\allure-2.15.0\lib\flexmark-util-misc-0.62.2.jar;D:\YFT\testTOOLS\python-3.12.8-embed-amd64\python312\allure-commandline-2.15.0\allure-2.15.0\lib\flexmark-util-visitor-0.62.2.jar;D:\YFT\testTOOLS\python-3.12.8-embed-amd64\python312\allure-commandline-2.15.0\allure-2.15.0\lib\jakarta.xml.bind-api-2.3.2.jar;D:\YFT\testTOOLS\python-3.12.8-embed-amd64\python312\allure-commandline-2.15.0\allure-2.15.0\lib\jakarta.activation-api-1.2.1.jar;D:\YFT\testTOOLS\python-3.12.8-embed-amd64\python312\allure-commandline-2.15.0\allure-2.15.0\lib\commons-collections-3.2.2.jar;D:\YFT\testTOOLS\python-3.12.8-embed-amd64\python312\allure-commandline-2.15.0\allure-2.15.0\lib\annotations-15.0.jar;D:\YFT\testTOOLS\python-3.12.8-embed-amd64\python312\allure-commandline-2.15.0\allure-2.15.0\lib\config
Launcher Type: SUN_STANDARD

[Global flags]
     intx CICompilerCount                          = 4                                         {product} {ergonomic}
     uint ConcGCThreads                            = 3                                         {product} {ergonomic}
     uint G1ConcRefinementThreads                  = 10                                        {product} {ergonomic}
   size_t G1HeapRegionSize                         = 1048576                                   {product} {ergonomic}
   size_t InitialHeapSize                          = 536870912                                 {product} {command line}
   size_t MarkStackSize                            = 4194304                                   {product} {ergonomic}
   size_t MarkStackSizeMax                         = 536870912                                 {product} {ergonomic}
   size_t MaxHeapSize                              = 1073741824                                {product} {command line}
   size_t MinHeapDeltaBytes                        = 1048576                                   {product} {ergonomic}
   size_t MinHeapSize                              = 536870912                                 {product} {command line}
    uintx NonNMethodCodeHeapSize                   = 5832704                                {pd product} {ergonomic}
    uintx NonProfiledCodeHeapSize                  = 122945536                              {pd product} {ergonomic}
    uintx ProfiledCodeHeapSize                     = 122880000                              {pd product} {ergonomic}
    uintx ReservedCodeCacheSize                    = 251658240                              {pd product} {ergonomic}
     bool SegmentedCodeCache                       = true                                      {product} {ergonomic}
   size_t SoftMaxHeapSize                          = 1073741824                             {manageable} {ergonomic}
     bool UseCompressedOops                        = true                           {product lp64_product} {ergonomic}
     bool UseG1GC                                  = true                                      {product} {ergonomic}
     bool UseLargePagesIndividualAllocation        = false                                  {pd product} {ergonomic}

Logging:
Log output configuration:
 #0: stdout all=warning uptime,level,tags foldmultilines=false
 #1: stderr all=off uptime,level,tags foldmultilines=false

Environment Variables:
JAVA_HOME=D:\YFT\testTOOLS\java\jdk
_JAVA_OPTIONS=-Xms512m -Xmx1024m
CLASSPATH=D:\YFT\testTOOLS\python-3.12.8-embed-amd64\python312\allure-commandline-2.15.0\allure-2.15.0\lib\allure-commandline-2.15.0.jar;D:\YFT\testTOOLS\python-3.12.8-embed-amd64\python312\allure-commandline-2.15.0\allure-2.15.0\lib\jcommander-1.81.jar;D:\YFT\testTOOLS\python-3.12.8-embed-amd64\python312\allure-commandline-2.15.0\allure-2.15.0\lib\allure-generator-2.15.0.jar;D:\YFT\testTOOLS\python-3.12.8-embed-amd64\python312\allure-commandline-2.15.0\allure-2.15.0\lib\jackson-dataformat-xml-2.12.5.jar;D:\YFT\testTOOLS\python-3.12.8-embed-amd64\python312\allure-commandline-2.15.0\allure-2.15.0\lib\jackson-module-jaxb-annotations-2.12.5.jar;D:\YFT\testTOOLS\python-3.12.8-embed-amd64\python312\allure-commandline-2.15.0\allure-2.15.0\lib\jackson-annotations-2.12.5.jar;D:\YFT\testTOOLS\python-3.12.8-embed-amd64\python312\allure-commandline-2.15.0\allure-2.15.0\lib\jackson-core-2.12.5.jar;D:\YFT\testTOOLS\python-3.12.8-embed-amd64\python312\allure-commandline-2.15.0\allure-2.15.0\lib\jackson-dataformat-yaml-2.12.5.jar;D:\YFT\testTOOLS\python-3.12.8-embed-amd64\python312\allure-commandline-2.15.0\allure-2.15.0\lib\allure-plugin-api-2.15.0.jar;D:\YFT\testTOOLS\python-3.12.8-embed-amd64\python312\allure-commandline-2.15.0\allure-2.15.0\lib\jackson-databind-2.12.5.jar;D:\YFT\testTOOLS\python-3.12.8-embed-amd64\python312\allure-commandline-2.15.0\allure-2.15.0\lib\tika-core-2.1.0.jar;D:\YFT\testTOOLS\python-3.12.8-embed-amd64\python312\allure-commandline-2.15.0\allure-2.15.0\lib\commons-io-2.11.0.jar;D:\YFT\testTOOLS\python-3.12.8-embed-amd64\python312\allure-commandline-2.15.0\allure-2.15.0\lib\jetty-server-9.4.43.v20210629.jar;D:\YFT\testTOOLS\python-3.12.8-embed-amd64\python312\allure-commandline-2.15.0\allure-2.15.0\lib\slf4j-log4j12-1.7.32.jar;D:\YFT\testTOOLS\python-3.12.8-embed-amd64\python312\allure-commandline-2.15.0\allure-2.15.0\lib\snakeyaml-1.27.jar;D:\YFT\testTOOLS\python-3.12.8-embed-amd64\python312\allure-commandline-2.15.0\allure-2.15.0\lib\javax.servlet-api-3.1.0.jar;D:\YFT\testTOOLS\python-3.12.8-embed-amd64\python312\allure-commandline-2.15.0\allure-2.15.0\lib\jetty-http-9.4.43.v20210629.jar;D:\YFT\testTOOLS\python-3.12.8-embed-amd64\python312\allure-commandline-2.15.0\allure-2.15.0\lib\jetty-io-9.4.43.v20210629.jar;D:\YFT\testTOOLS\python-3.12.8-embed-amd64\python312\allure-commandline-2.15.0\allure-2.15.0\lib\allure1-model-1.0.jar;D:\YFT\testTOOLS\python-3.12.8-embed-amd64\python312\allure-commandline-2.15.0\allure-2.15.0\lib\slf4j-api-1.7.32.jar;D:\YFT\testTOOLS\python-3.12.8-embed-amd64\python312\allure-commandline-2.15.0\allure-2.15.0\lib\log4j-1.2.17.jar;D:\YFT\testTOOLS\python-3.12.8-embed-amd64\python312\allure-commandline-2.15.0\allure-2.15.0\lib\allure-model-2.15.0.jar;D:\YFT\testTOOLS\python-3.12.8-embed-amd64\python312\allure-commandline-2.15.0\allure-2.15.0\lib\jaxb-api-2.3.1.jar;D:\YFT\testTOOLS\python-3.12.8-embed-amd64\python312\allure-commandline-2.15.0\allure-2.15.0\lib\httpclient-4.5.13.jar;D:\YFT\testTOOLS\python-3.12.8-embed-amd64\python312\allure-commandline-2.15.0\allure-2.15.0\lib\freemarker-2.3.31.jar;D:\YFT\testTOOLS\python-3.12.8-embed-amd64\python312\allure-commandline-2.15.0\allure-2.15.0\lib\jetty-util-9.4.43.v20210629.jar;D:\YFT\testTOOLS\python-3.12.8-embed-amd64\python312\allure-commandline-2.15.0\allure-2.15.0\lib\opencsv-4.6.jar;D:\YFT\testTOOLS\python-3.12.8-embed-amd64\python312\allure-commandline-2.15.0\allure-2.15.0\lib\flexmark-0.62.2.jar;D:\YFT\testTOOLS\python-3.12.8-embed-amd64\python312\allure-commandline-2.15.0\allure-2.15.0\lib\woodstox-core-6.2.4.jar;D:\YFT\testTOOLS\python-3.12.8-embed-amd64\python312\allure-commandline-2.15.0\allure-2.15.0\lib\stax2-api-4.2.1.jar;D:\YFT\testTOOLS\python-3.12.8-embed-amd64\python312\allure-commandline-2.15.0\allure-2.15.0\lib\javax.activation-api-1.2.0.jar;D:\YFT\testTOOLS\python-3.12.8-embed-amd64\python312\allure-commandline-2.15.0\allure-2.15.0\lib\properties-2.0.RC5.jar;D:\YFT\testTOOLS\python-3.12.8-embed-amd64\python312\allure-commandline-2.15.0\allure-2.15.0\lib\jaxb-utils-1.0.jar;D:\YFT\testTOOLS\python-3.12.8-embed-amd64\python312\allure-commandline-2.15.0\allure-2.15.0\lib\httpcore-4.4.13.jar;D:\YFT\testTOOLS\python-3.12.8-embed-amd64\python312\allure-commandline-2.15.0\allure-2.15.0\lib\commons-beanutils-1.9.4.jar;D:\YFT\testTOOLS\python-3.12.8-embed-amd64\python312\allure-commandline-2.15.0\allure-2.15.0\lib\commons-logging-1.2.jar;D:\YFT\testTOOLS\python-3.12.8-embed-amd64\python312\allure-commandline-2.15.0\allure-2.15.0\lib\commons-codec-1.11.jar;D:\YFT\testTOOLS\python-3.12.8-embed-amd64\python312\allure-commandline-2.15.0\allure-2.15.0\lib\commons-text-1.3.jar;D:\YFT\testTOOLS\python-3.12.8-embed-amd64\python312\allure-commandline-2.15.0\allure-2.15.0\lib\commons-lang3-3.12.0.jar;D:\YFT\testTOOLS\python-3.12.8-embed-amd64\python312\allure-commandline-2.15.0\allure-2.15.0\lib\commons-collections4-4.2.jar;D:\YFT\testTOOLS\python-3.12.8-embed-amd64\python312\allure-commandline-2.15.0\allure-2.15.0\lib\flexmark-util-format-0.62.2.jar;D:\YFT\testTOOLS\python-3.12.8-embed-amd64\python312\allure-commandline-2.15.0\allure-2.15.0\lib\flexmark-util-ast-0.62.2.jar;D:\YFT\testTOOLS\python-3.12.8-embed-amd64\python312\allure-commandline-2.15.0\allure-2.15.0\lib\flexmark-util-builder-0.62.2.jar;D:\YFT\testTOOLS\python-3.12.8-embed-amd64\python312\allure-commandline-2.15.0\allure-2.15.0\lib\flexmark-util-dependency-0.62.2.jar;D:\YFT\testTOOLS\python-3.12.8-embed-amd64\python312\allure-commandline-2.15.0\allure-2.15.0\lib\flexmark-util-html-0.62.2.jar;D:\YFT\testTOOLS\python-3.12.8-embed-amd64\python312\allure-commandline-2.15.0\allure-2.15.0\lib\flexmark-util-sequence-0.62.2.jar;D:\YFT\testTOOLS\python-3.12.8-embed-amd64\python312\allure-commandline-2.15.0\allure-2.15.0\lib\flexmark-util-collection-0.62.2.jar;D:\YFT\testTOOLS\python-3.12.8-embed-amd64\python312\allure-commandline-2.15.0\allure-2.15.0\lib\flexmark-util-data-0.62.2.jar;D:\YFT\testTOOLS\python-3.12.8-embed-amd64\python312\allure-commandline-2.15.0\allure-2.15.0\lib\flexmark-util-misc-0.62.2.jar;D:\YFT\testTOOLS\python-3.12.8-embed-amd64\python312\allure-commandline-2.15.0\allure-2.15.0\lib\flexmark-util-visitor-0.62.2.jar;D:\YFT\testTOOLS\python-3.12.8-embed-amd64\python312\allure-commandline-2.15.0\allure-2.15.0\lib\jakarta.xml.bind-api-2.3.2.jar;D:\YFT\testTOOLS\python-3.12.8-embed-amd64\python312\allure-commandline-2.15.0\allure-2.15.0\lib\jakarta.activation-api-1.2.1.jar;D:\YFT\testTOOLS\python-3.12.8-embed-amd64\python312\allure-commandline-2.15.0\allure-2.15.0\lib\commons-collections-3.2.2.jar;D:\YFT\testTOOLS\python-3.12.8-embed-amd64\python312\allure-commandline-2.15.0\allure-2.15.0\lib\annotations-15.0.jar;D:\YFT\testTOOLS\python-3.12.8-embed-amd64\python312\allure-commandline-2.15.0\allure-2.15.0\lib\config
PATH=D:\YFT\PythonSeleniumPytest\.venv\Scripts;C:\Program Files\Common Files\Oracle\Java\javapath;D:\YFT\testTOOLS\Scripts\;D:\YFT\testTOOLS\;C:\Program Files (x86)\VMware\VMware Workstation\bin\;C:\Windows\system32;C:\Windows;C:\Windows\System32\Wbem;C:\Windows\System32\WindowsPowerShell\v1.0\;C:\Windows\System32\OpenSSH\;C:\Users\admin\Documents\WeChat Files\wxid_ur1ioxpuez7y22\FileStorage\File\2025-08\chromedriver-win64;D:\YFT\testTOOLS\edgedriver_win64;D:\YFT\testTOOLS\Node\;D:\YFT\testTOOLS\Node\node_global\node_modules;"D:\YFT\testTOOLS\java\jdk\bin;";"D:\YFT\testTOOLS\java\jdk\jre\bin;";D:\YFT\testTOOLS\python-3.12.8-embed-amd64\python312\allure-commandline-2.15.0\allure-2.15.0\bin;C:\Users\admin\AppData\Local\Microsoft\WindowsApps;D:\YFT\testTOOLS\PyCharm 2025.1.1.1\bin;;D:\YFT\testTOOLS\Node\node_global
USERNAME=admin
OS=Windows_NT
PROCESSOR_IDENTIFIER=Intel64 Family 6 Model 167 Stepping 1, GenuineIntel
TMP=C:\Users\admin\AppData\Local\Temp
TEMP=C:\Users\admin\AppData\Local\Temp




Periodic native trim disabled

---------------  S Y S T E M  ---------------

OS:
 Windows 11 , 64 bit Build 22000 (10.0.22000.434)
OS uptime: 82 days 20:22 hours

CPU: total 12 (initial active 12) (6 cores per cpu, 2 threads per core) family 6 model 167 stepping 1 microcode 0x50, cx8, cmov, fxsr, ht, mmx, 3dnowpref, sse, sse2, sse3, ssse3, sse4.1, sse4.2, popcnt, lzcnt, tsc, tscinvbit, avx, avx2, aes, erms, clmul, bmi1, bmi2, adx, avx512f, avx512dq, avx512cd, avx512bw, avx512vl, sha, fma, vzeroupper, avx512_vpopcntdq, avx512_vpclmulqdq, avx512_vaes, avx512_vnni, clflush, clflushopt, avx512_vbmi2, avx512_vbmi, rdtscp, rdpid, fsrm, gfni, avx512_bitalg, f16c, pku, avx512_ifma
Processor Information for the first 12 processors :
  Max Mhz: 2592, Current Mhz: 2592, Mhz Limit: 2592

Memory: 4k page, system-wide physical 16105M (992M free)
TotalPageFile size 46590M (AvailPageFile size 159M)
current process WorkingSet (physical memory assigned to process): 12M, peak: 12M
current process commit charge ("private bytes"): 64M, peak: 576M

vm_info: Java HotSpot(TM) 64-Bit Server VM (24.0.1+9-30) for windows-amd64 JRE (24.0.1+9-30), built on 2025-03-05T07:23:45Z with MS VC++ 17.6 (VS2022)

END.
